This is pdfTeX, Version 3.141592653-2.6-1.40.22 (TeX Live 2022/dev/Debian) (preloaded format=pdflatex 2023.7.18)  2 FEB 2024 02:00
entering extended mode
 restricted \write18 enabled.
 %&-line parsing enabled.
**karting-report.tex
(./karting-report.tex
LaTeX2e <2021-11-15> patch level 1
L3 programming layer <2022-01-21>
(/usr/share/texlive/texmf-dist/tex/latex/beamer/beamer.cls
Document Class: beamer 2022/01/21 v3.65 A class for typesetting presentations
(/usr/share/texlive/texmf-dist/tex/latex/beamer/beamerbasemodes.sty
(/usr/share/texlive/texmf-dist/tex/latex/etoolbox/etoolbox.sty
Package: etoolbox 2020/10/05 v2.5k e-TeX tools for LaTeX (JAW)
\etb@tempcnta=\count185
)
\beamer@tempbox=\box50
\beamer@tempcount=\count186
\c@beamerpauses=\count187

(/usr/share/texlive/texmf-dist/tex/latex/beamer/beamerbasedecode.sty
\beamer@slideinframe=\count188
\beamer@minimum=\count189
\beamer@decode@box=\box51
)
\beamer@commentbox=\box52
\beamer@modecount=\count190
)
(/usr/share/texlive/texmf-dist/tex/generic/iftex/ifpdf.sty
Package: ifpdf 2019/10/25 v3.4 ifpdf legacy package. Use iftex instead.

(/usr/share/texlive/texmf-dist/tex/generic/iftex/iftex.sty
Package: iftex 2020/03/06 v1.0d TeX engine tests
))
\headdp=\dimen138
\footheight=\dimen139
\sidebarheight=\dimen140
\beamer@tempdim=\dimen141
\beamer@finalheight=\dimen142
\beamer@animht=\dimen143
\beamer@animdp=\dimen144
\beamer@animwd=\dimen145
\beamer@leftmargin=\dimen146
\beamer@rightmargin=\dimen147
\beamer@leftsidebar=\dimen148
\beamer@rightsidebar=\dimen149
\beamer@boxsize=\dimen150
\beamer@vboxoffset=\dimen151
\beamer@descdefault=\dimen152
\beamer@descriptionwidth=\dimen153
\beamer@lastskip=\skip47
\beamer@areabox=\box53
\beamer@animcurrent=\box54
\beamer@animshowbox=\box55
\beamer@sectionbox=\box56
\beamer@logobox=\box57
\beamer@linebox=\box58
\beamer@sectioncount=\count191
\beamer@subsubsectionmax=\count192
\beamer@subsectionmax=\count193
\beamer@sectionmax=\count194
\beamer@totalheads=\count195
\beamer@headcounter=\count196
\beamer@partstartpage=\count197
\beamer@sectionstartpage=\count198
\beamer@subsectionstartpage=\count199
\beamer@animationtempa=\count266
\beamer@animationtempb=\count267
\beamer@xpos=\count268
\beamer@ypos=\count269
\beamer@ypos@offset=\count270
\beamer@showpartnumber=\count271
\beamer@currentsubsection=\count272
\beamer@coveringdepth=\count273
\beamer@sectionadjust=\count274
\beamer@toclastsection=\count275
\beamer@tocsectionnumber=\count276

(/usr/share/texlive/texmf-dist/tex/latex/beamer/beamerbaseoptions.sty
(/usr/share/texlive/texmf-dist/tex/latex/graphics/keyval.sty
Package: keyval 2014/10/28 v1.15 key=value parser (DPC)
\KV@toks@=\toks16
))
\beamer@paperwidth=\skip48
\beamer@paperheight=\skip49

(/usr/share/texlive/texmf-dist/tex/latex/geometry/geometry.sty
Package: geometry 2020/01/02 v5.9 Page Geometry

(/usr/share/texlive/texmf-dist/tex/generic/iftex/ifvtex.sty
Package: ifvtex 2019/10/25 v1.7 ifvtex legacy package. Use iftex instead.
)
\Gm@cnth=\count277
\Gm@cntv=\count278
\c@Gm@tempcnt=\count279
\Gm@bindingoffset=\dimen154
\Gm@wd@mp=\dimen155
\Gm@odd@mp=\dimen156
\Gm@even@mp=\dimen157
\Gm@layoutwidth=\dimen158
\Gm@layoutheight=\dimen159
\Gm@layouthoffset=\dimen160
\Gm@layoutvoffset=\dimen161
\Gm@dimlist=\toks17
)
(/usr/share/texlive/texmf-dist/tex/latex/pgf/basiclayer/pgfcore.sty
(/usr/share/texlive/texmf-dist/tex/latex/graphics/graphicx.sty
Package: graphicx 2021/09/16 v1.2d Enhanced LaTeX Graphics (DPC,SPQR)

(/usr/share/texlive/texmf-dist/tex/latex/graphics/graphics.sty
Package: graphics 2021/03/04 v1.4d Standard LaTeX Graphics (DPC,SPQR)

(/usr/share/texlive/texmf-dist/tex/latex/graphics/trig.sty
Package: trig 2021/08/11 v1.11 sin cos tan (DPC)
)
(/usr/share/texlive/texmf-dist/tex/latex/graphics-cfg/graphics.cfg
File: graphics.cfg 2016/06/04 v1.11 sample graphics configuration
)
Package graphics Info: Driver file: pdftex.def on input line 107.

(/usr/share/texlive/texmf-dist/tex/latex/graphics-def/pdftex.def
File: pdftex.def 2020/10/05 v1.2a Graphics/color driver for pdftex
))
\Gin@req@height=\dimen162
\Gin@req@width=\dimen163
)
(/usr/share/texlive/texmf-dist/tex/latex/pgf/systemlayer/pgfsys.sty
(/usr/share/texlive/texmf-dist/tex/latex/pgf/utilities/pgfrcs.sty
(/usr/share/texlive/texmf-dist/tex/generic/pgf/utilities/pgfutil-common.tex
\pgfutil@everybye=\toks18
\pgfutil@tempdima=\dimen164
\pgfutil@tempdimb=\dimen165

(/usr/share/texlive/texmf-dist/tex/generic/pgf/utilities/pgfutil-common-lists.t
ex)) (/usr/share/texlive/texmf-dist/tex/generic/pgf/utilities/pgfutil-latex.def
\pgfutil@abb=\box59
) (/usr/share/texlive/texmf-dist/tex/generic/pgf/utilities/pgfrcs.code.tex
(/usr/share/texlive/texmf-dist/tex/generic/pgf/pgf.revision.tex)
Package: pgfrcs 2021/05/15 v3.1.9a (3.1.9a)
))
(/usr/share/texlive/texmf-dist/tex/generic/pgf/systemlayer/pgfsys.code.tex
Package: pgfsys 2021/05/15 v3.1.9a (3.1.9a)

(/usr/share/texlive/texmf-dist/tex/generic/pgf/utilities/pgfkeys.code.tex
\pgfkeys@pathtoks=\toks19
\pgfkeys@temptoks=\toks20

(/usr/share/texlive/texmf-dist/tex/generic/pgf/utilities/pgfkeysfiltered.code.t
ex
\pgfkeys@tmptoks=\toks21
))
\pgf@x=\dimen166
\pgf@y=\dimen167
\pgf@xa=\dimen168
\pgf@ya=\dimen169
\pgf@xb=\dimen170
\pgf@yb=\dimen171
\pgf@xc=\dimen172
\pgf@yc=\dimen173
\pgf@xd=\dimen174
\pgf@yd=\dimen175
\w@pgf@writea=\write3
\r@pgf@reada=\read2
\c@pgf@counta=\count280
\c@pgf@countb=\count281
\c@pgf@countc=\count282
\c@pgf@countd=\count283
\t@pgf@toka=\toks22
\t@pgf@tokb=\toks23
\t@pgf@tokc=\toks24
\pgf@sys@id@count=\count284
 (/usr/share/texlive/texmf-dist/tex/generic/pgf/systemlayer/pgf.cfg
File: pgf.cfg 2021/05/15 v3.1.9a (3.1.9a)
)
Driver file for pgf: pgfsys-pdftex.def

(/usr/share/texlive/texmf-dist/tex/generic/pgf/systemlayer/pgfsys-pdftex.def
File: pgfsys-pdftex.def 2021/05/15 v3.1.9a (3.1.9a)

(/usr/share/texlive/texmf-dist/tex/generic/pgf/systemlayer/pgfsys-common-pdf.de
f
File: pgfsys-common-pdf.def 2021/05/15 v3.1.9a (3.1.9a)
)))
(/usr/share/texlive/texmf-dist/tex/generic/pgf/systemlayer/pgfsyssoftpath.code.
tex
File: pgfsyssoftpath.code.tex 2021/05/15 v3.1.9a (3.1.9a)
\pgfsyssoftpath@smallbuffer@items=\count285
\pgfsyssoftpath@bigbuffer@items=\count286
)
(/usr/share/texlive/texmf-dist/tex/generic/pgf/systemlayer/pgfsysprotocol.code.
tex
File: pgfsysprotocol.code.tex 2021/05/15 v3.1.9a (3.1.9a)
)) (/usr/share/texlive/texmf-dist/tex/latex/xcolor/xcolor.sty
Package: xcolor 2021/10/31 v2.13 LaTeX color extensions (UK)

(/usr/share/texlive/texmf-dist/tex/latex/graphics-cfg/color.cfg
File: color.cfg 2016/01/02 v1.6 sample color configuration
)
Package xcolor Info: Driver file: pdftex.def on input line 227.
Package xcolor Info: Model `cmy' substituted by `cmy0' on input line 1352.
Package xcolor Info: Model `hsb' substituted by `rgb' on input line 1356.
Package xcolor Info: Model `RGB' extended on input line 1368.
Package xcolor Info: Model `HTML' substituted by `rgb' on input line 1370.
Package xcolor Info: Model `Hsb' substituted by `hsb' on input line 1371.
Package xcolor Info: Model `tHsb' substituted by `hsb' on input line 1372.
Package xcolor Info: Model `HSB' substituted by `hsb' on input line 1373.
Package xcolor Info: Model `Gray' substituted by `gray' on input line 1374.
Package xcolor Info: Model `wave' substituted by `hsb' on input line 1375.
)
(/usr/share/texlive/texmf-dist/tex/generic/pgf/basiclayer/pgfcore.code.tex
Package: pgfcore 2021/05/15 v3.1.9a (3.1.9a)

(/usr/share/texlive/texmf-dist/tex/generic/pgf/math/pgfmath.code.tex
(/usr/share/texlive/texmf-dist/tex/generic/pgf/math/pgfmathcalc.code.tex
(/usr/share/texlive/texmf-dist/tex/generic/pgf/math/pgfmathutil.code.tex)
(/usr/share/texlive/texmf-dist/tex/generic/pgf/math/pgfmathparser.code.tex
\pgfmath@dimen=\dimen176
\pgfmath@count=\count287
\pgfmath@box=\box60
\pgfmath@toks=\toks25
\pgfmath@stack@operand=\toks26
\pgfmath@stack@operation=\toks27
)
(/usr/share/texlive/texmf-dist/tex/generic/pgf/math/pgfmathfunctions.code.tex
(/usr/share/texlive/texmf-dist/tex/generic/pgf/math/pgfmathfunctions.basic.code
.tex)
(/usr/share/texlive/texmf-dist/tex/generic/pgf/math/pgfmathfunctions.trigonomet
ric.code.tex)
(/usr/share/texlive/texmf-dist/tex/generic/pgf/math/pgfmathfunctions.random.cod
e.tex)
(/usr/share/texlive/texmf-dist/tex/generic/pgf/math/pgfmathfunctions.comparison
.code.tex)
(/usr/share/texlive/texmf-dist/tex/generic/pgf/math/pgfmathfunctions.base.code.
tex)
(/usr/share/texlive/texmf-dist/tex/generic/pgf/math/pgfmathfunctions.round.code
.tex)
(/usr/share/texlive/texmf-dist/tex/generic/pgf/math/pgfmathfunctions.misc.code.
tex)
(/usr/share/texlive/texmf-dist/tex/generic/pgf/math/pgfmathfunctions.integerari
thmetics.code.tex)))
(/usr/share/texlive/texmf-dist/tex/generic/pgf/math/pgfmathfloat.code.tex
\c@pgfmathroundto@lastzeros=\count288
))
(/usr/share/texlive/texmf-dist/tex/generic/pgf/math/pgfint.code.tex)
(/usr/share/texlive/texmf-dist/tex/generic/pgf/basiclayer/pgfcorepoints.code.te
x
File: pgfcorepoints.code.tex 2021/05/15 v3.1.9a (3.1.9a)
\pgf@picminx=\dimen177
\pgf@picmaxx=\dimen178
\pgf@picminy=\dimen179
\pgf@picmaxy=\dimen180
\pgf@pathminx=\dimen181
\pgf@pathmaxx=\dimen182
\pgf@pathminy=\dimen183
\pgf@pathmaxy=\dimen184
\pgf@xx=\dimen185
\pgf@xy=\dimen186
\pgf@yx=\dimen187
\pgf@yy=\dimen188
\pgf@zx=\dimen189
\pgf@zy=\dimen190
)
(/usr/share/texlive/texmf-dist/tex/generic/pgf/basiclayer/pgfcorepathconstruct.
code.tex
File: pgfcorepathconstruct.code.tex 2021/05/15 v3.1.9a (3.1.9a)
\pgf@path@lastx=\dimen191
\pgf@path@lasty=\dimen192
)
(/usr/share/texlive/texmf-dist/tex/generic/pgf/basiclayer/pgfcorepathusage.code
.tex
File: pgfcorepathusage.code.tex 2021/05/15 v3.1.9a (3.1.9a)
\pgf@shorten@end@additional=\dimen193
\pgf@shorten@start@additional=\dimen194
)
(/usr/share/texlive/texmf-dist/tex/generic/pgf/basiclayer/pgfcorescopes.code.te
x
File: pgfcorescopes.code.tex 2021/05/15 v3.1.9a (3.1.9a)
\pgfpic=\box61
\pgf@hbox=\box62
\pgf@layerbox@main=\box63
\pgf@picture@serial@count=\count289
)
(/usr/share/texlive/texmf-dist/tex/generic/pgf/basiclayer/pgfcoregraphicstate.c
ode.tex
File: pgfcoregraphicstate.code.tex 2021/05/15 v3.1.9a (3.1.9a)
\pgflinewidth=\dimen195
)
(/usr/share/texlive/texmf-dist/tex/generic/pgf/basiclayer/pgfcoretransformation
s.code.tex
File: pgfcoretransformations.code.tex 2021/05/15 v3.1.9a (3.1.9a)
\pgf@pt@x=\dimen196
\pgf@pt@y=\dimen197
\pgf@pt@temp=\dimen198
)
(/usr/share/texlive/texmf-dist/tex/generic/pgf/basiclayer/pgfcorequick.code.tex
File: pgfcorequick.code.tex 2021/05/15 v3.1.9a (3.1.9a)
)
(/usr/share/texlive/texmf-dist/tex/generic/pgf/basiclayer/pgfcoreobjects.code.t
ex
File: pgfcoreobjects.code.tex 2021/05/15 v3.1.9a (3.1.9a)
)
(/usr/share/texlive/texmf-dist/tex/generic/pgf/basiclayer/pgfcorepathprocessing
.code.tex
File: pgfcorepathprocessing.code.tex 2021/05/15 v3.1.9a (3.1.9a)
)
(/usr/share/texlive/texmf-dist/tex/generic/pgf/basiclayer/pgfcorearrows.code.te
x
File: pgfcorearrows.code.tex 2021/05/15 v3.1.9a (3.1.9a)
\pgfarrowsep=\dimen199
)
(/usr/share/texlive/texmf-dist/tex/generic/pgf/basiclayer/pgfcoreshade.code.tex
File: pgfcoreshade.code.tex 2021/05/15 v3.1.9a (3.1.9a)
\pgf@max=\dimen256
\pgf@sys@shading@range@num=\count290
\pgf@shadingcount=\count291
)
(/usr/share/texlive/texmf-dist/tex/generic/pgf/basiclayer/pgfcoreimage.code.tex
File: pgfcoreimage.code.tex 2021/05/15 v3.1.9a (3.1.9a)

(/usr/share/texlive/texmf-dist/tex/generic/pgf/basiclayer/pgfcoreexternal.code.
tex
File: pgfcoreexternal.code.tex 2021/05/15 v3.1.9a (3.1.9a)
\pgfexternal@startupbox=\box64
))
(/usr/share/texlive/texmf-dist/tex/generic/pgf/basiclayer/pgfcorelayers.code.te
x
File: pgfcorelayers.code.tex 2021/05/15 v3.1.9a (3.1.9a)
)
(/usr/share/texlive/texmf-dist/tex/generic/pgf/basiclayer/pgfcoretransparency.c
ode.tex
File: pgfcoretransparency.code.tex 2021/05/15 v3.1.9a (3.1.9a)
)
(/usr/share/texlive/texmf-dist/tex/generic/pgf/basiclayer/pgfcorepatterns.code.
tex
File: pgfcorepatterns.code.tex 2021/05/15 v3.1.9a (3.1.9a)
)
(/usr/share/texlive/texmf-dist/tex/generic/pgf/basiclayer/pgfcorerdf.code.tex
File: pgfcorerdf.code.tex 2021/05/15 v3.1.9a (3.1.9a)
))) (/usr/share/texlive/texmf-dist/tex/latex/base/size11.clo
File: size11.clo 2021/10/04 v1.4n Standard LaTeX file (size option)
)
(/usr/share/texlive/texmf-dist/tex/latex/pgf/utilities/xxcolor.sty
Package: xxcolor 2003/10/24 ver 0.1
\XC@nummixins=\count292
\XC@countmixins=\count293
)
(/usr/share/texlive/texmf-dist/tex/latex/base/atbegshi-ltx.sty
Package: atbegshi-ltx 2021/01/10 v1.0c Emulation of the original atbegshi
package with kernel methods
)
(/usr/share/texlive/texmf-dist/tex/latex/hyperref/hyperref.sty
Package: hyperref 2021-06-07 v7.00m Hypertext links for LaTeX

(/usr/share/texlive/texmf-dist/tex/generic/ltxcmds/ltxcmds.sty
Package: ltxcmds 2020-05-10 v1.25 LaTeX kernel commands for general use (HO)
)
(/usr/share/texlive/texmf-dist/tex/generic/pdftexcmds/pdftexcmds.sty
Package: pdftexcmds 2020-06-27 v0.33 Utility functions of pdfTeX for LuaTeX (HO
)

(/usr/share/texlive/texmf-dist/tex/generic/infwarerr/infwarerr.sty
Package: infwarerr 2019/12/03 v1.5 Providing info/warning/error messages (HO)
)
Package pdftexcmds Info: \pdf@primitive is available.
Package pdftexcmds Info: \pdf@ifprimitive is available.
Package pdftexcmds Info: \pdfdraftmode found.
)
(/usr/share/texlive/texmf-dist/tex/generic/kvsetkeys/kvsetkeys.sty
Package: kvsetkeys 2019/12/15 v1.18 Key value parser (HO)
)
(/usr/share/texlive/texmf-dist/tex/generic/kvdefinekeys/kvdefinekeys.sty
Package: kvdefinekeys 2019-12-19 v1.6 Define keys (HO)
)
(/usr/share/texlive/texmf-dist/tex/generic/pdfescape/pdfescape.sty
Package: pdfescape 2019/12/09 v1.15 Implements pdfTeX's escape features (HO)
)
(/usr/share/texlive/texmf-dist/tex/latex/hycolor/hycolor.sty
Package: hycolor 2020-01-27 v1.10 Color options for hyperref/bookmark (HO)
)
(/usr/share/texlive/texmf-dist/tex/latex/letltxmacro/letltxmacro.sty
Package: letltxmacro 2019/12/03 v1.6 Let assignment for LaTeX macros (HO)
)
(/usr/share/texlive/texmf-dist/tex/latex/auxhook/auxhook.sty
Package: auxhook 2019-12-17 v1.6 Hooks for auxiliary files (HO)
)
(/usr/share/texlive/texmf-dist/tex/latex/kvoptions/kvoptions.sty
Package: kvoptions 2020-10-07 v3.14 Key value format for package options (HO)
)
\@linkdim=\dimen257
\Hy@linkcounter=\count294
\Hy@pagecounter=\count295

(/usr/share/texlive/texmf-dist/tex/latex/hyperref/pd1enc.def
File: pd1enc.def 2021-06-07 v7.00m Hyperref: PDFDocEncoding definition (HO)
Now handling font encoding PD1 ...
... no UTF-8 mapping file for font encoding PD1
)
(/usr/share/texlive/texmf-dist/tex/latex/hyperref/hyperref-langpatches.def
File: hyperref-langpatches.def 2021-06-07 v7.00m Hyperref: patches for babel la
nguages
)
(/usr/share/texlive/texmf-dist/tex/generic/intcalc/intcalc.sty
Package: intcalc 2019/12/15 v1.3 Expandable calculations with integers (HO)
)
(/usr/share/texlive/texmf-dist/tex/generic/etexcmds/etexcmds.sty
Package: etexcmds 2019/12/15 v1.7 Avoid name clashes with e-TeX commands (HO)
)
\Hy@SavedSpaceFactor=\count296

(/usr/share/texlive/texmf-dist/tex/latex/hyperref/puenc.def
File: puenc.def 2021-06-07 v7.00m Hyperref: PDF Unicode definition (HO)
Now handling font encoding PU ...
... no UTF-8 mapping file for font encoding PU
)
Package hyperref Info: Option `bookmarks' set `true' on input line 4073.
Package hyperref Info: Option `bookmarksopen' set `true' on input line 4073.
Package hyperref Info: Option `implicit' set `false' on input line 4073.
Package hyperref Info: Hyper figures OFF on input line 4192.
Package hyperref Info: Link nesting OFF on input line 4197.
Package hyperref Info: Hyper index ON on input line 4200.
Package hyperref Info: Plain pages OFF on input line 4207.
Package hyperref Info: Backreferencing OFF on input line 4212.
Package hyperref Info: Implicit mode OFF; no redefinition of LaTeX internals.
Package hyperref Info: Bookmarks ON on input line 4445.
\c@Hy@tempcnt=\count297

(/usr/share/texlive/texmf-dist/tex/latex/url/url.sty
\Urlmuskip=\muskip16
Package: url 2013/09/16  ver 3.4  Verb mode for urls, etc.
)
LaTeX Info: Redefining \url on input line 4804.
\XeTeXLinkMargin=\dimen258

(/usr/share/texlive/texmf-dist/tex/generic/bitset/bitset.sty
Package: bitset 2019/12/09 v1.3 Handle bit-vector datatype (HO)

(/usr/share/texlive/texmf-dist/tex/generic/bigintcalc/bigintcalc.sty
Package: bigintcalc 2019/12/15 v1.5 Expandable calculations on big integers (HO
)
))
\Fld@menulength=\count298
\Field@Width=\dimen259
\Fld@charsize=\dimen260
Package hyperref Info: Hyper figures OFF on input line 6076.
Package hyperref Info: Link nesting OFF on input line 6081.
Package hyperref Info: Hyper index ON on input line 6084.
Package hyperref Info: backreferencing OFF on input line 6091.
Package hyperref Info: Link coloring OFF on input line 6096.
Package hyperref Info: Link coloring with OCG OFF on input line 6101.
Package hyperref Info: PDF/A mode OFF on input line 6106.
LaTeX Info: Redefining \ref on input line 6146.
LaTeX Info: Redefining \pageref on input line 6150.
\Hy@abspage=\count299


Package hyperref Message: Stopped early.

)
Package hyperref Info: Driver (autodetected): hpdftex.
 (/usr/share/texlive/texmf-dist/tex/latex/hyperref/hpdftex.def
File: hpdftex.def 2021-06-07 v7.00m Hyperref driver for pdfTeX

(/usr/share/texlive/texmf-dist/tex/latex/base/atveryend-ltx.sty
Package: atveryend-ltx 2020/08/19 v1.0a Emulation of the original atveryend pac
kage
with kernel methods
)
\Fld@listcount=\count300
\c@bookmark@seq@number=\count301

(/usr/share/texlive/texmf-dist/tex/latex/rerunfilecheck/rerunfilecheck.sty
Package: rerunfilecheck 2019/12/05 v1.9 Rerun checks for auxiliary files (HO)

(/usr/share/texlive/texmf-dist/tex/generic/uniquecounter/uniquecounter.sty
Package: uniquecounter 2019/12/15 v1.4 Provide unlimited unique counter (HO)
)
Package uniquecounter Info: New unique counter `rerunfilecheck' on input line 2
86.
))
(/usr/share/texlive/texmf-dist/tex/latex/beamer/beamerbaserequires.sty
(/usr/share/texlive/texmf-dist/tex/latex/beamer/beamerbasecompatibility.sty)
(/usr/share/texlive/texmf-dist/tex/latex/beamer/beamerbasefont.sty
(/usr/share/texlive/texmf-dist/tex/latex/amsfonts/amssymb.sty
Package: amssymb 2013/01/14 v3.01 AMS font symbols

(/usr/share/texlive/texmf-dist/tex/latex/amsfonts/amsfonts.sty
Package: amsfonts 2013/01/14 v3.01 Basic AMSFonts support
\@emptytoks=\toks28
\symAMSa=\mathgroup4
\symAMSb=\mathgroup5
LaTeX Font Info:    Redeclaring math symbol \hbar on input line 98.
LaTeX Font Info:    Overwriting math alphabet `\mathfrak' in version `bold'
(Font)                  U/euf/m/n --> U/euf/b/n on input line 106.
)))
(/usr/share/texlive/texmf-dist/tex/latex/beamer/beamerbasetranslator.sty
(/usr/share/texlive/texmf-dist/tex/latex/translator/translator.sty
Package: translator 2021-05-31 v1.12d Easy translation of strings in LaTeX
))
(/usr/share/texlive/texmf-dist/tex/latex/beamer/beamerbasemisc.sty)
(/usr/share/texlive/texmf-dist/tex/latex/beamer/beamerbasetwoscreens.sty)
(/usr/share/texlive/texmf-dist/tex/latex/beamer/beamerbaseoverlay.sty
\beamer@argscount=\count302
\beamer@lastskipcover=\skip50
\beamer@trivlistdepth=\count303
)
(/usr/share/texlive/texmf-dist/tex/latex/beamer/beamerbasetitle.sty)
(/usr/share/texlive/texmf-dist/tex/latex/beamer/beamerbasesection.sty
\c@lecture=\count304
\c@part=\count305
\c@section=\count306
\c@subsection=\count307
\c@subsubsection=\count308
)
(/usr/share/texlive/texmf-dist/tex/latex/beamer/beamerbaseframe.sty
\beamer@framebox=\box65
\beamer@frametitlebox=\box66
\beamer@zoombox=\box67
\beamer@zoomcount=\count309
\beamer@zoomframecount=\count310
\beamer@frametextheight=\dimen261
\c@subsectionslide=\count311
\beamer@frametopskip=\skip51
\beamer@framebottomskip=\skip52
\beamer@frametopskipautobreak=\skip53
\beamer@framebottomskipautobreak=\skip54
\beamer@envbody=\toks29
\framewidth=\dimen262
\c@framenumber=\count312
)
(/usr/share/texlive/texmf-dist/tex/latex/beamer/beamerbaseverbatim.sty
\beamer@verbatimfileout=\write4
)
(/usr/share/texlive/texmf-dist/tex/latex/beamer/beamerbaseframesize.sty
\beamer@splitbox=\box68
\beamer@autobreakcount=\count313
\beamer@autobreaklastheight=\dimen263
\beamer@frametitletoks=\toks30
\beamer@framesubtitletoks=\toks31
)
(/usr/share/texlive/texmf-dist/tex/latex/beamer/beamerbaseframecomponents.sty
\beamer@footins=\box69
)
(/usr/share/texlive/texmf-dist/tex/latex/beamer/beamerbasecolor.sty)
(/usr/share/texlive/texmf-dist/tex/latex/beamer/beamerbasenotes.sty
\beamer@frameboxcopy=\box70
)
(/usr/share/texlive/texmf-dist/tex/latex/beamer/beamerbasetoc.sty)
(/usr/share/texlive/texmf-dist/tex/latex/beamer/beamerbasetemplates.sty
\beamer@sbttoks=\toks32

(/usr/share/texlive/texmf-dist/tex/latex/beamer/beamerbaseauxtemplates.sty
(/usr/share/texlive/texmf-dist/tex/latex/beamer/beamerbaseboxes.sty
\bmb@box=\box71
\bmb@colorbox=\box72
\bmb@boxwidth=\dimen264
\bmb@boxheight=\dimen265
\bmb@prevheight=\dimen266
\bmb@temp=\dimen267
\bmb@dima=\dimen268
\bmb@dimb=\dimen269
\bmb@prevheight=\dimen270
)
\beamer@blockheadheight=\dimen271
))
(/usr/share/texlive/texmf-dist/tex/latex/beamer/beamerbaselocalstructure.sty
(/usr/share/texlive/texmf-dist/tex/latex/tools/enumerate.sty
Package: enumerate 2015/07/23 v3.00 enumerate extensions (DPC)
\@enLab=\toks33
)
\beamer@bibiconwidth=\skip55
\c@figure=\count314
\c@table=\count315
\abovecaptionskip=\skip56
\belowcaptionskip=\skip57
)
(/usr/share/texlive/texmf-dist/tex/latex/beamer/beamerbasenavigation.sty
\beamer@section@min@dim=\dimen272
)
(/usr/share/texlive/texmf-dist/tex/latex/beamer/beamerbasetheorems.sty
(/usr/share/texlive/texmf-dist/tex/latex/amsmath/amsmath.sty
Package: amsmath 2021/10/15 v2.17l AMS math features
\@mathmargin=\skip58

For additional information on amsmath, use the `?' option.
(/usr/share/texlive/texmf-dist/tex/latex/amsmath/amstext.sty
Package: amstext 2021/08/26 v2.01 AMS text

(/usr/share/texlive/texmf-dist/tex/latex/amsmath/amsgen.sty
File: amsgen.sty 1999/11/30 v2.0 generic functions
\@emptytoks=\toks34
\ex@=\dimen273
))
(/usr/share/texlive/texmf-dist/tex/latex/amsmath/amsbsy.sty
Package: amsbsy 1999/11/29 v1.2d Bold Symbols
\pmbraise@=\dimen274
)
(/usr/share/texlive/texmf-dist/tex/latex/amsmath/amsopn.sty
Package: amsopn 2021/08/26 v2.02 operator names
)
\inf@bad=\count316
LaTeX Info: Redefining \frac on input line 234.
\uproot@=\count317
\leftroot@=\count318
LaTeX Info: Redefining \overline on input line 399.
\classnum@=\count319
\DOTSCASE@=\count320
LaTeX Info: Redefining \ldots on input line 496.
LaTeX Info: Redefining \dots on input line 499.
LaTeX Info: Redefining \cdots on input line 620.
\Mathstrutbox@=\box73
\strutbox@=\box74
\big@size=\dimen275
LaTeX Font Info:    Redeclaring font encoding OML on input line 743.
LaTeX Font Info:    Redeclaring font encoding OMS on input line 744.
\macc@depth=\count321
\c@MaxMatrixCols=\count322
\dotsspace@=\muskip17
\c@parentequation=\count323
\dspbrk@lvl=\count324
\tag@help=\toks35
\row@=\count325
\column@=\count326
\maxfields@=\count327
\andhelp@=\toks36
\eqnshift@=\dimen276
\alignsep@=\dimen277
\tagshift@=\dimen278
\tagwidth@=\dimen279
\totwidth@=\dimen280
\lineht@=\dimen281
\@envbody=\toks37
\multlinegap=\skip59
\multlinetaggap=\skip60
\mathdisplay@stack=\toks38
LaTeX Info: Redefining \[ on input line 2938.
LaTeX Info: Redefining \] on input line 2939.
)
(/usr/share/texlive/texmf-dist/tex/latex/amscls/amsthm.sty
Package: amsthm 2020/05/29 v2.20.6
\thm@style=\toks39
\thm@bodyfont=\toks40
\thm@headfont=\toks41
\thm@notefont=\toks42
\thm@headpunct=\toks43
\thm@preskip=\skip61
\thm@postskip=\skip62
\thm@headsep=\skip63
\dth@everypar=\toks44
)
\c@theorem=\count328
)
(/usr/share/texlive/texmf-dist/tex/latex/beamer/beamerbasethemes.sty))
(/usr/share/texlive/texmf-dist/tex/latex/beamer/beamerthemedefault.sty
(/usr/share/texlive/texmf-dist/tex/latex/beamer/beamerfontthemedefault.sty)
(/usr/share/texlive/texmf-dist/tex/latex/beamer/beamercolorthemedefault.sty)
(/usr/share/texlive/texmf-dist/tex/latex/beamer/beamerinnerthemedefault.sty
\beamer@dima=\dimen282
\beamer@dimb=\dimen283
)
(/usr/share/texlive/texmf-dist/tex/latex/beamer/beamerouterthemedefault.sty)))
(/usr/share/texlive/texmf-dist/tex/generic/babel/babel.sty
Package: babel 2022/01/26 3.70 The Babel package
\babel@savecnt=\count329
\U@D=\dimen284
\l@unhyphenated=\language3

(/usr/share/texlive/texmf-dist/tex/generic/babel/txtbabel.def)
\bbl@readstream=\read3
LaTeX Info: Redefining \textlatin on input line 3967.
\bbl@dirlevel=\count330

(/usr/share/texlive/texmf-dist/tex/generic/babel-english/english.ldf
Language: english 2017/06/06 v3.3r English support from the babel system
Package babel Info: Hyphen rules for 'british' set to \l@english
(babel)             (\language0). Reported on input line 82.
Package babel Info: Hyphen rules for 'UKenglish' set to \l@english
(babel)             (\language0). Reported on input line 83.
Package babel Info: Hyphen rules for 'canadian' set to \l@english
(babel)             (\language0). Reported on input line 102.
Package babel Info: Hyphen rules for 'australian' set to \l@english
(babel)             (\language0). Reported on input line 105.
Package babel Info: Hyphen rules for 'newzealand' set to \l@english
(babel)             (\language0). Reported on input line 108.
))
(/usr/share/texlive/texmf-dist/tex/latex/tools/tabularx.sty
Package: tabularx 2020/01/15 v2.11c `tabularx' package (DPC)

(/usr/share/texlive/texmf-dist/tex/latex/tools/array.sty
Package: array 2021/10/04 v2.5f Tabular extension package (FMi)
\col@sep=\dimen285
\ar@mcellbox=\box75
\extrarowheight=\dimen286
\NC@list=\toks45
\extratabsurround=\skip64
\backup@length=\skip65
\ar@cellbox=\box76
)
\TX@col@width=\dimen287
\TX@old@table=\dimen288
\TX@old@col=\dimen289
\TX@target=\dimen290
\TX@delta=\dimen291
\TX@cols=\count331
\TX@ftn=\toks46
)
(/usr/share/texlive/texmf-dist/tex/latex/listings/listings.sty
\lst@mode=\count332
\lst@gtempboxa=\box77
\lst@token=\toks47
\lst@length=\count333
\lst@currlwidth=\dimen292
\lst@column=\count334
\lst@pos=\count335
\lst@lostspace=\dimen293
\lst@width=\dimen294
\lst@newlines=\count336
\lst@lineno=\count337
\lst@maxwidth=\dimen295

(/usr/share/texlive/texmf-dist/tex/latex/listings/lstmisc.sty
File: lstmisc.sty 2020/03/24 1.8d (Carsten Heinz)
\c@lstnumber=\count338
\lst@skipnumbers=\count339
\lst@framebox=\box78
)
(/usr/share/texlive/texmf-dist/tex/latex/listings/listings.cfg
File: listings.cfg 2020/03/24 1.8d listings configuration
))
Package: listings 2020/03/24 1.8d (Carsten Heinz)

(/usr/share/texlive/texmf-dist/tex/latex/beamer/beamerthemeMadrid.sty
(/usr/share/texlive/texmf-dist/tex/latex/beamer/beamercolorthemewhale.sty)
(/usr/share/texlive/texmf-dist/tex/latex/beamer/beamercolorthemeorchid.sty)
(/usr/share/texlive/texmf-dist/tex/latex/beamer/beamerinnerthemerounded.sty)
(/usr/share/texlive/texmf-dist/tex/latex/beamer/beamerouterthemeinfolines.sty))
(/usr/share/texlive/texmf-dist/tex/latex/l3backend/l3backend-pdftex.def
File: l3backend-pdftex.def 2022-01-12 L3 backend support: PDF output (pdfTeX)
\l__color_backend_stack_int=\count340
\l__pdf_internal_box=\box79
)
(./karting-report.aux)
\openout1 = `karting-report.aux'.

LaTeX Font Info:    Checking defaults for OML/cmm/m/it on input line 31.
LaTeX Font Info:    ... okay on input line 31.
LaTeX Font Info:    Checking defaults for OMS/cmsy/m/n on input line 31.
LaTeX Font Info:    ... okay on input line 31.
LaTeX Font Info:    Checking defaults for OT1/cmr/m/n on input line 31.
LaTeX Font Info:    ... okay on input line 31.
LaTeX Font Info:    Checking defaults for T1/cmr/m/n on input line 31.
LaTeX Font Info:    ... okay on input line 31.
LaTeX Font Info:    Checking defaults for TS1/cmr/m/n on input line 31.
LaTeX Font Info:    ... okay on input line 31.
LaTeX Font Info:    Checking defaults for OMX/cmex/m/n on input line 31.
LaTeX Font Info:    ... okay on input line 31.
LaTeX Font Info:    Checking defaults for U/cmr/m/n on input line 31.
LaTeX Font Info:    ... okay on input line 31.
LaTeX Font Info:    Checking defaults for PD1/pdf/m/n on input line 31.
LaTeX Font Info:    ... okay on input line 31.
LaTeX Font Info:    Checking defaults for PU/pdf/m/n on input line 31.
LaTeX Font Info:    ... okay on input line 31.

*geometry* driver: auto-detecting
*geometry* detected driver: pdftex
*geometry* verbose mode - [ preamble ] result:
* driver: pdftex
* paper: custom
* layout: <same size as paper>
* layoutoffset:(h,v)=(0.0pt,0.0pt)
* modes: includehead includefoot 
* h-part:(L,W,R)=(10.95003pt, 342.2953pt, 10.95003pt)
* v-part:(T,H,B)=(0.0pt, 273.14662pt, 0.0pt)
* \paperwidth=364.19536pt
* \paperheight=273.14662pt
* \textwidth=342.2953pt
* \textheight=244.6939pt
* \oddsidemargin=-61.31996pt
* \evensidemargin=-61.31996pt
* \topmargin=-72.26999pt
* \headheight=14.22636pt
* \headsep=0.0pt
* \topskip=11.0pt
* \footskip=14.22636pt
* \marginparwidth=4.0pt
* \marginparsep=10.0pt
* \columnsep=10.0pt
* \skip\footins=10.0pt plus 4.0pt minus 2.0pt
* \hoffset=0.0pt
* \voffset=0.0pt
* \mag=1000
* \@twocolumnfalse
* \@twosidefalse
* \@mparswitchfalse
* \@reversemarginfalse
* (1in=72.27pt=25.4mm, 1cm=28.453pt)

(/usr/share/texlive/texmf-dist/tex/context/base/mkii/supp-pdf.mkii
[Loading MPS to PDF converter (version 2006.09.02).]
\scratchcounter=\count341
\scratchdimen=\dimen296
\scratchbox=\box80
\nofMPsegments=\count342
\nofMParguments=\count343
\everyMPshowfont=\toks48
\MPscratchCnt=\count344
\MPscratchDim=\dimen297
\MPnumerator=\count345
\makeMPintoPDFobject=\count346
\everyMPtoPDFconversion=\toks49
) (/usr/share/texlive/texmf-dist/tex/latex/epstopdf-pkg/epstopdf-base.sty
Package: epstopdf-base 2020-01-24 v2.11 Base part for package epstopdf
Package epstopdf-base Info: Redefining graphics rule for `.eps' on input line 4
85.

(/usr/share/texlive/texmf-dist/tex/latex/latexconfig/epstopdf-sys.cfg
File: epstopdf-sys.cfg 2010/07/13 v1.3 Configuration of (r)epstopdf for TeX Liv
e
))
Package hyperref Info: Link coloring OFF on input line 31.

(/usr/share/texlive/texmf-dist/tex/latex/hyperref/nameref.sty
Package: nameref 2021-04-02 v2.47 Cross-referencing by name of section

(/usr/share/texlive/texmf-dist/tex/latex/refcount/refcount.sty
Package: refcount 2019/12/15 v3.6 Data extraction from label references (HO)
)
(/usr/share/texlive/texmf-dist/tex/generic/gettitlestring/gettitlestring.sty
Package: gettitlestring 2019/12/15 v1.6 Cleanup title references (HO)
)
\c@section@level=\count347
)
LaTeX Info: Redefining \ref on input line 31.
LaTeX Info: Redefining \pageref on input line 31.
LaTeX Info: Redefining \nameref on input line 31.

(./karting-report.out) (./karting-report.out)
\@outlinefile=\write5
\openout5 = `karting-report.out'.

LaTeX Font Info:    Overwriting symbol font `operators' in version `normal'
(Font)                  OT1/cmr/m/n --> OT1/cmss/m/n on input line 31.
LaTeX Font Info:    Overwriting symbol font `operators' in version `bold'
(Font)                  OT1/cmr/bx/n --> OT1/cmss/b/n on input line 31.
\symnumbers=\mathgroup6
\sympureletters=\mathgroup7
LaTeX Font Info:    Overwriting math alphabet `\mathrm' in version `normal'
(Font)                  OT1/cmss/m/n --> OT1/cmr/m/n on input line 31.
LaTeX Font Info:    Redeclaring math alphabet \mathbf on input line 31.
LaTeX Font Info:    Overwriting math alphabet `\mathbf' in version `normal'
(Font)                  OT1/cmr/bx/n --> OT1/cmss/b/n on input line 31.
LaTeX Font Info:    Overwriting math alphabet `\mathbf' in version `bold'
(Font)                  OT1/cmr/bx/n --> OT1/cmss/b/n on input line 31.
LaTeX Font Info:    Redeclaring math alphabet \mathsf on input line 31.
LaTeX Font Info:    Overwriting math alphabet `\mathsf' in version `normal'
(Font)                  OT1/cmss/m/n --> OT1/cmss/m/n on input line 31.
LaTeX Font Info:    Overwriting math alphabet `\mathsf' in version `bold'
(Font)                  OT1/cmss/bx/n --> OT1/cmss/m/n on input line 31.
LaTeX Font Info:    Redeclaring math alphabet \mathit on input line 31.
LaTeX Font Info:    Overwriting math alphabet `\mathit' in version `normal'
(Font)                  OT1/cmr/m/it --> OT1/cmss/m/it on input line 31.
LaTeX Font Info:    Overwriting math alphabet `\mathit' in version `bold'
(Font)                  OT1/cmr/bx/it --> OT1/cmss/m/it on input line 31.
LaTeX Font Info:    Redeclaring math alphabet \mathtt on input line 31.
LaTeX Font Info:    Overwriting math alphabet `\mathtt' in version `normal'
(Font)                  OT1/cmtt/m/n --> OT1/cmtt/m/n on input line 31.
LaTeX Font Info:    Overwriting math alphabet `\mathtt' in version `bold'
(Font)                  OT1/cmtt/m/n --> OT1/cmtt/m/n on input line 31.
LaTeX Font Info:    Overwriting symbol font `numbers' in version `bold'
(Font)                  OT1/cmss/m/n --> OT1/cmss/b/n on input line 31.
LaTeX Font Info:    Overwriting symbol font `pureletters' in version `bold'
(Font)                  OT1/cmss/m/it --> OT1/cmss/b/it on input line 31.
LaTeX Font Info:    Overwriting math alphabet `\mathrm' in version `bold'
(Font)                  OT1/cmss/b/n --> OT1/cmr/b/n on input line 31.
LaTeX Font Info:    Overwriting math alphabet `\mathbf' in version `bold'
(Font)                  OT1/cmss/b/n --> OT1/cmss/b/n on input line 31.
LaTeX Font Info:    Overwriting math alphabet `\mathsf' in version `bold'
(Font)                  OT1/cmss/m/n --> OT1/cmss/b/n on input line 31.
LaTeX Font Info:    Overwriting math alphabet `\mathit' in version `bold'
(Font)                  OT1/cmss/m/it --> OT1/cmss/b/it on input line 31.
LaTeX Font Info:    Overwriting math alphabet `\mathtt' in version `bold'
(Font)                  OT1/cmtt/m/n --> OT1/cmtt/b/n on input line 31.

(/usr/share/texlive/texmf-dist/tex/latex/translator/translator-basic-dictionary
-English.dict
Dictionary: translator-basic-dictionary, Language: English 
)
(/usr/share/texlive/texmf-dist/tex/latex/translator/translator-bibliography-dic
tionary-English.dict
Dictionary: translator-bibliography-dictionary, Language: English 
)
(/usr/share/texlive/texmf-dist/tex/latex/translator/translator-environment-dict
ionary-English.dict
Dictionary: translator-environment-dictionary, Language: English 
)
(/usr/share/texlive/texmf-dist/tex/latex/translator/translator-months-dictionar
y-English.dict
Dictionary: translator-months-dictionary, Language: English 
)
(/usr/share/texlive/texmf-dist/tex/latex/translator/translator-numbers-dictiona
ry-English.dict
Dictionary: translator-numbers-dictionary, Language: English 
)
(/usr/share/texlive/texmf-dist/tex/latex/translator/translator-theorem-dictiona
ry-English.dict
Dictionary: translator-theorem-dictionary, Language: English 
)
\c@lstlisting=\count348
 (./karting-report.nav)
<unibs-circ-logo.pdf, id=66, 118.79025pt x 119.7292pt>
File: unibs-circ-logo.pdf Graphic file (type pdf)
<use unibs-circ-logo.pdf>
Package pdftex.def Info: unibs-circ-logo.pdf  used on input line 38.
(pdftex.def)             Requested size: 68.45801pt x 68.99902pt.
 [1

{/var/lib/texmf/fonts/map/pdftex/updmap/pdftex.map} <./unibs-circ-logo.pdf>]
<drawio/users-uc.pdf, id=104, 579.12357pt x 435.54718pt>
File: drawio/users-uc.pdf Graphic file (type pdf)
<use drawio/users-uc.pdf>
Package pdftex.def Info: drawio/users-uc.pdf  used on input line 52.
(pdftex.def)             Requested size: 273.83728pt x 205.95662pt.
<unibs_logo.pdf, id=105, 1505.625pt x 677.53125pt>
File: unibs_logo.pdf Graphic file (type pdf)
<use unibs_logo.pdf>
Package pdftex.def Info: unibs_logo.pdf  used on input line 52.
(pdftex.def)             Requested size: 34.23161pt x 15.40404pt.
 [2

 <./unibs_logo.pdf> <./drawio/users-uc.pdf>]
LaTeX Font Info:    Trying to load font information for U+msa on input line 92.

 (/usr/share/texlive/texmf-dist/tex/latex/amsfonts/umsa.fd
File: umsa.fd 2013/01/14 v3.01 AMS symbols A
)
LaTeX Font Info:    Trying to load font information for U+msb on input line 92.


(/usr/share/texlive/texmf-dist/tex/latex/amsfonts/umsb.fd
File: umsb.fd 2013/01/14 v3.01 AMS symbols B
)
File: unibs_logo.pdf Graphic file (type pdf)
<use unibs_logo.pdf>
Package pdftex.def Info: unibs_logo.pdf  used on input line 92.
(pdftex.def)             Requested size: 34.23161pt x 15.40404pt.
 [3

]
Underfull \hbox (badness 2012) in paragraph at lines 133--133
[]|\OT1/cmss/m/n/6 Karting cen-ter, Track (and Pop-u-lar track) and im-plic-itl
y
 []

File: unibs_logo.pdf Graphic file (type pdf)
<use unibs_logo.pdf>
Package pdftex.def Info: unibs_logo.pdf  used on input line 133.
(pdftex.def)             Requested size: 34.23161pt x 15.40404pt.
[4

]
File: unibs_logo.pdf Graphic file (type pdf)
<use unibs_logo.pdf>
Package pdftex.def Info: unibs_logo.pdf  used on input line 161.
(pdftex.def)             Requested size: 34.23161pt x 15.40404pt.
 [5

]
File: unibs_logo.pdf Graphic file (type pdf)
<use unibs_logo.pdf>
Package pdftex.def Info: unibs_logo.pdf  used on input line 205.
(pdftex.def)             Requested size: 34.23161pt x 15.40404pt.
 [6

]
File: unibs_logo.pdf Graphic file (type pdf)
<use unibs_logo.pdf>
Package pdftex.def Info: unibs_logo.pdf  used on input line 220.
(pdftex.def)             Requested size: 34.23161pt x 15.40404pt.
 [7

]
File: unibs_logo.pdf Graphic file (type pdf)
<use unibs_logo.pdf>
Package pdftex.def Info: unibs_logo.pdf  used on input line 264.
(pdftex.def)             Requested size: 34.23161pt x 15.40404pt.
 [8

]
File: unibs_logo.pdf Graphic file (type pdf)
<use unibs_logo.pdf>
Package pdftex.def Info: unibs_logo.pdf  used on input line 282.
(pdftex.def)             Requested size: 34.23161pt x 15.40404pt.
 [9

]
File: unibs_logo.pdf Graphic file (type pdf)
<use unibs_logo.pdf>
Package pdftex.def Info: unibs_logo.pdf  used on input line 322.
(pdftex.def)             Requested size: 34.23161pt x 15.40404pt.
 [10

]
File: unibs_logo.pdf Graphic file (type pdf)
<use unibs_logo.pdf>
Package pdftex.def Info: unibs_logo.pdf  used on input line 360.
(pdftex.def)             Requested size: 34.23161pt x 15.40404pt.
 [11

]
File: unibs_logo.pdf Graphic file (type pdf)
<use unibs_logo.pdf>
Package pdftex.def Info: unibs_logo.pdf  used on input line 385.
(pdftex.def)             Requested size: 34.23161pt x 15.40404pt.
 [12

]
File: unibs_logo.pdf Graphic file (type pdf)
<use unibs_logo.pdf>
Package pdftex.def Info: unibs_logo.pdf  used on input line 430.
(pdftex.def)             Requested size: 34.23161pt x 15.40404pt.
 [13

]
File: unibs_logo.pdf Graphic file (type pdf)
<use unibs_logo.pdf>
Package pdftex.def Info: unibs_logo.pdf  used on input line 456.
(pdftex.def)             Requested size: 34.23161pt x 15.40404pt.
 [14

]
<drawio/user.pdf, id=462, 975.645pt x 725.8317pt>
File: drawio/user.pdf Graphic file (type pdf)
<use drawio/user.pdf>
Package pdftex.def Info: drawio/user.pdf  used on input line 470.
(pdftex.def)             Requested size: 273.83728pt x 203.7188pt.
File: unibs_logo.pdf Graphic file (type pdf)
<use unibs_logo.pdf>
Package pdftex.def Info: unibs_logo.pdf  used on input line 470.
(pdftex.def)             Requested size: 34.23161pt x 15.40404pt.
 [15

 <./drawio/user.pdf>]
File: unibs_logo.pdf Graphic file (type pdf)
<use unibs_logo.pdf>
Package pdftex.def Info: unibs_logo.pdf  used on input line 494.
(pdftex.def)             Requested size: 34.23161pt x 15.40404pt.

[16

]
File: unibs_logo.pdf Graphic file (type pdf)
<use unibs_logo.pdf>
Package pdftex.def Info: unibs_logo.pdf  used on input line 517.
(pdftex.def)             Requested size: 34.23161pt x 15.40404pt.
 [17

]
File: unibs_logo.pdf Graphic file (type pdf)
<use unibs_logo.pdf>
Package pdftex.def Info: unibs_logo.pdf  used on input line 541.
(pdftex.def)             Requested size: 34.23161pt x 15.40404pt.
 [18

]
File: unibs_logo.pdf Graphic file (type pdf)
<use unibs_logo.pdf>
Package pdftex.def Info: unibs_logo.pdf  used on input line 565.
(pdftex.def)             Requested size: 34.23161pt x 15.40404pt.
 [19

]
File: unibs_logo.pdf Graphic file (type pdf)
<use unibs_logo.pdf>
Package pdftex.def Info: unibs_logo.pdf  used on input line 588.
(pdftex.def)             Requested size: 34.23161pt x 15.40404pt.
 [20

]
File: unibs_logo.pdf Graphic file (type pdf)
<use unibs_logo.pdf>
Package pdftex.def Info: unibs_logo.pdf  used on input line 609.
(pdftex.def)             Requested size: 34.23161pt x 15.40404pt.
 [21

]
File: unibs_logo.pdf Graphic file (type pdf)
<use unibs_logo.pdf>
Package pdftex.def Info: unibs_logo.pdf  used on input line 630.
(pdftex.def)             Requested size: 34.23161pt x 15.40404pt.
 [22

]
File: unibs_logo.pdf Graphic file (type pdf)
<use unibs_logo.pdf>
Package pdftex.def Info: unibs_logo.pdf  used on input line 653.
(pdftex.def)             Requested size: 34.23161pt x 15.40404pt.
 [23

]
File: unibs_logo.pdf Graphic file (type pdf)
<use unibs_logo.pdf>
Package pdftex.def Info: unibs_logo.pdf  used on input line 675.
(pdftex.def)             Requested size: 34.23161pt x 15.40404pt.
 [24

]
File: unibs_logo.pdf Graphic file (type pdf)
<use unibs_logo.pdf>
Package pdftex.def Info: unibs_logo.pdf  used on input line 698.
(pdftex.def)             Requested size: 34.23161pt x 15.40404pt.
 [25

]
File: unibs_logo.pdf Graphic file (type pdf)
<use unibs_logo.pdf>
Package pdftex.def Info: unibs_logo.pdf  used on input line 721.
(pdftex.def)             Requested size: 34.23161pt x 15.40404pt.
 [26

]
File: unibs_logo.pdf Graphic file (type pdf)
<use unibs_logo.pdf>
Package pdftex.def Info: unibs_logo.pdf  used on input line 743.
(pdftex.def)             Requested size: 34.23161pt x 15.40404pt.
 [27

]
File: unibs_logo.pdf Graphic file (type pdf)
<use unibs_logo.pdf>
Package pdftex.def Info: unibs_logo.pdf  used on input line 765.
(pdftex.def)             Requested size: 34.23161pt x 15.40404pt.
 [28

]
File: unibs_logo.pdf Graphic file (type pdf)
<use unibs_logo.pdf>
Package pdftex.def Info: unibs_logo.pdf  used on input line 787.
(pdftex.def)             Requested size: 34.23161pt x 15.40404pt.
 [29

]
File: unibs_logo.pdf Graphic file (type pdf)
<use unibs_logo.pdf>
Package pdftex.def Info: unibs_logo.pdf  used on input line 810.
(pdftex.def)             Requested size: 34.23161pt x 15.40404pt.
 [30

]
File: unibs_logo.pdf Graphic file (type pdf)
<use unibs_logo.pdf>
Package pdftex.def Info: unibs_logo.pdf  used on input line 833.
(pdftex.def)             Requested size: 34.23161pt x 15.40404pt.

[31

]
File: unibs_logo.pdf Graphic file (type pdf)
<use unibs_logo.pdf>
Package pdftex.def Info: unibs_logo.pdf  used on input line 857.
(pdftex.def)             Requested size: 34.23161pt x 15.40404pt.
 [32

]
File: unibs_logo.pdf Graphic file (type pdf)
<use unibs_logo.pdf>
Package pdftex.def Info: unibs_logo.pdf  used on input line 880.
(pdftex.def)             Requested size: 34.23161pt x 15.40404pt.
 [33

]
File: unibs_logo.pdf Graphic file (type pdf)
<use unibs_logo.pdf>
Package pdftex.def Info: unibs_logo.pdf  used on input line 901.
(pdftex.def)             Requested size: 34.23161pt x 15.40404pt.
 [34

]
File: unibs_logo.pdf Graphic file (type pdf)
<use unibs_logo.pdf>
Package pdftex.def Info: unibs_logo.pdf  used on input line 924.
(pdftex.def)             Requested size: 34.23161pt x 15.40404pt.
 [35

]
File: unibs_logo.pdf Graphic file (type pdf)
<use unibs_logo.pdf>
Package pdftex.def Info: unibs_logo.pdf  used on input line 947.
(pdftex.def)             Requested size: 34.23161pt x 15.40404pt.
 [36

]
File: unibs_logo.pdf Graphic file (type pdf)
<use unibs_logo.pdf>
Package pdftex.def Info: unibs_logo.pdf  used on input line 971.
(pdftex.def)             Requested size: 34.23161pt x 15.40404pt.
 [37

]
File: unibs_logo.pdf Graphic file (type pdf)
<use unibs_logo.pdf>
Package pdftex.def Info: unibs_logo.pdf  used on input line 993.
(pdftex.def)             Requested size: 34.23161pt x 15.40404pt.
 [38

]
File: unibs_logo.pdf Graphic file (type pdf)
<use unibs_logo.pdf>
Package pdftex.def Info: unibs_logo.pdf  used on input line 1016.
(pdftex.def)             Requested size: 34.23161pt x 15.40404pt.
 [39

]
File: unibs_logo.pdf Graphic file (type pdf)
<use unibs_logo.pdf>
Package pdftex.def Info: unibs_logo.pdf  used on input line 1038.
(pdftex.def)             Requested size: 34.23161pt x 15.40404pt.
 [40

]
File: unibs_logo.pdf Graphic file (type pdf)
<use unibs_logo.pdf>
Package pdftex.def Info: unibs_logo.pdf  used on input line 1059.
(pdftex.def)             Requested size: 34.23161pt x 15.40404pt.
 [41

]
File: unibs_logo.pdf Graphic file (type pdf)
<use unibs_logo.pdf>
Package pdftex.def Info: unibs_logo.pdf  used on input line 1081.
(pdftex.def)             Requested size: 34.23161pt x 15.40404pt.
 [42

]
File: unibs_logo.pdf Graphic file (type pdf)
<use unibs_logo.pdf>
Package pdftex.def Info: unibs_logo.pdf  used on input line 1103.
(pdftex.def)             Requested size: 34.23161pt x 15.40404pt.
 [43

]
File: unibs_logo.pdf Graphic file (type pdf)
<use unibs_logo.pdf>
Package pdftex.def Info: unibs_logo.pdf  used on input line 1127.
(pdftex.def)             Requested size: 34.23161pt x 15.40404pt.
 [44

]
File: unibs_logo.pdf Graphic file (type pdf)
<use unibs_logo.pdf>
Package pdftex.def Info: unibs_logo.pdf  used on input line 1151.
(pdftex.def)             Requested size: 34.23161pt x 15.40404pt.
 [45

]
File: unibs_logo.pdf Graphic file (type pdf)
<use unibs_logo.pdf>
Package pdftex.def Info: unibs_logo.pdf  used on input line 1173.
(pdftex.def)             Requested size: 34.23161pt x 15.40404pt.

[46

]
File: unibs_logo.pdf Graphic file (type pdf)
<use unibs_logo.pdf>
Package pdftex.def Info: unibs_logo.pdf  used on input line 1195.
(pdftex.def)             Requested size: 34.23161pt x 15.40404pt.
 [47

]
File: unibs_logo.pdf Graphic file (type pdf)
<use unibs_logo.pdf>
Package pdftex.def Info: unibs_logo.pdf  used on input line 1219.
(pdftex.def)             Requested size: 34.23161pt x 15.40404pt.
 [48

]
File: unibs_logo.pdf Graphic file (type pdf)
<use unibs_logo.pdf>
Package pdftex.def Info: unibs_logo.pdf  used on input line 1245.
(pdftex.def)             Requested size: 34.23161pt x 15.40404pt.
 [49

]
File: unibs_logo.pdf Graphic file (type pdf)
<use unibs_logo.pdf>
Package pdftex.def Info: unibs_logo.pdf  used on input line 1268.
(pdftex.def)             Requested size: 34.23161pt x 15.40404pt.
 [50

]
File: unibs_logo.pdf Graphic file (type pdf)
<use unibs_logo.pdf>
Package pdftex.def Info: unibs_logo.pdf  used on input line 1290.
(pdftex.def)             Requested size: 34.23161pt x 15.40404pt.
 [51

]
File: unibs_logo.pdf Graphic file (type pdf)
<use unibs_logo.pdf>
Package pdftex.def Info: unibs_logo.pdf  used on input line 1313.
(pdftex.def)             Requested size: 34.23161pt x 15.40404pt.
 [52

]
File: unibs_logo.pdf Graphic file (type pdf)
<use unibs_logo.pdf>
Package pdftex.def Info: unibs_logo.pdf  used on input line 1336.
(pdftex.def)             Requested size: 34.23161pt x 15.40404pt.
 [53

]
File: unibs_logo.pdf Graphic file (type pdf)
<use unibs_logo.pdf>
Package pdftex.def Info: unibs_logo.pdf  used on input line 1358.
(pdftex.def)             Requested size: 34.23161pt x 15.40404pt.
 [54

]
File: unibs_logo.pdf Graphic file (type pdf)
<use unibs_logo.pdf>
Package pdftex.def Info: unibs_logo.pdf  used on input line 1382.
(pdftex.def)             Requested size: 34.23161pt x 15.40404pt.
 [55

]
File: unibs_logo.pdf Graphic file (type pdf)
<use unibs_logo.pdf>
Package pdftex.def Info: unibs_logo.pdf  used on input line 1406.
(pdftex.def)             Requested size: 34.23161pt x 15.40404pt.
 [56

]
<drawio/intranet.pdf, id=1584, 290.0436pt x 218.7372pt>
File: drawio/intranet.pdf Graphic file (type pdf)
<use drawio/intranet.pdf>
Package pdftex.def Info: drawio/intranet.pdf  used on input line 1429.
(pdftex.def)             Requested size: 239.60567pt x 180.70404pt.
File: unibs_logo.pdf Graphic file (type pdf)
<use unibs_logo.pdf>
Package pdftex.def Info: unibs_logo.pdf  used on input line 1429.
(pdftex.def)             Requested size: 34.23161pt x 15.40404pt.
 [57

 <./drawio/intranet.pdf>]
<drawio/karting-center-admin.pdf, id=1622, 794.97pt x 653.56169pt>
File: drawio/karting-center-admin.pdf Graphic file (type pdf)
<use drawio/karting-center-admin.pdf>
Package pdftex.def Info: drawio/karting-center-admin.pdf  used on input line 14
37.
(pdftex.def)             Requested size: 239.60567pt x 196.98749pt.
File: unibs_logo.pdf Graphic file (type pdf)
<use unibs_logo.pdf>
Package pdftex.def Info: unibs_logo.pdf  used on input line 1437.
(pdftex.def)             Requested size: 34.23161pt x 15.40404pt.
 [58

 <./drawio/karting-center-admin.pdf>]
File: unibs_logo.pdf Graphic file (type pdf)
<use unibs_logo.pdf>
Package pdftex.def Info: unibs_logo.pdf  used on input line 1459.
(pdftex.def)             Requested size: 34.23161pt x 15.40404pt.
 [59

]
File: unibs_logo.pdf Graphic file (type pdf)
<use unibs_logo.pdf>
Package pdftex.def Info: unibs_logo.pdf  used on input line 1483.
(pdftex.def)             Requested size: 34.23161pt x 15.40404pt.
 [60

]
File: unibs_logo.pdf Graphic file (type pdf)
<use unibs_logo.pdf>
Package pdftex.def Info: unibs_logo.pdf  used on input line 1506.
(pdftex.def)             Requested size: 34.23161pt x 15.40404pt.
 [61

]
File: unibs_logo.pdf Graphic file (type pdf)
<use unibs_logo.pdf>
Package pdftex.def Info: unibs_logo.pdf  used on input line 1531.
(pdftex.def)             Requested size: 34.23161pt x 15.40404pt.
 [62

]
File: unibs_logo.pdf Graphic file (type pdf)
<use unibs_logo.pdf>
Package pdftex.def Info: unibs_logo.pdf  used on input line 1554.
(pdftex.def)             Requested size: 34.23161pt x 15.40404pt.
 [63

]
File: unibs_logo.pdf Graphic file (type pdf)
<use unibs_logo.pdf>
Package pdftex.def Info: unibs_logo.pdf  used on input line 1577.
(pdftex.def)             Requested size: 34.23161pt x 15.40404pt.
 [64

]
Underfull \hbox (badness 7925) in paragraph at lines 1617--1617
[]|\OT1/cmss/m/n/6 Goal, Pre-con-di-tion,
 []

File: unibs_logo.pdf Graphic file (type pdf)
<use unibs_logo.pdf>
Package pdftex.def Info: unibs_logo.pdf  used on input line 1617.
(pdftex.def)             Requested size: 34.23161pt x 15.40404pt.
[65

]
Underfull \hbox (badness 7925) in paragraph at lines 1667--1667
[]|\OT1/cmss/m/n/6 Goal, Pre-con-di-tion,
 []


Underfull \hbox (badness 7925) in paragraph at lines 1667--1667
[]|\OT1/cmss/m/n/6 Goal, Pre-con-di-tion,
 []

File: unibs_logo.pdf Graphic file (type pdf)
<use unibs_logo.pdf>
Package pdftex.def Info: unibs_logo.pdf  used on input line 1667.
(pdftex.def)             Requested size: 34.23161pt x 15.40404pt.
[66

]
Underfull \hbox (badness 7925) in paragraph at lines 1711--1711
[]|\OT1/cmss/m/n/6 Goal, Pre-con-di-tion,
 []


Underfull \hbox (badness 7925) in paragraph at lines 1711--1711
[]|\OT1/cmss/m/n/6 Goal, Pre-con-di-tion,
 []

File: unibs_logo.pdf Graphic file (type pdf)
<use unibs_logo.pdf>
Package pdftex.def Info: unibs_logo.pdf  used on input line 1711.
(pdftex.def)             Requested size: 34.23161pt x 15.40404pt.
[67

]
Underfull \hbox (badness 7925) in paragraph at lines 1761--1761
[]|\OT1/cmss/m/n/6 Goal, Pre-con-di-tion,
 []


Underfull \hbox (badness 7925) in paragraph at lines 1761--1761
[]|\OT1/cmss/m/n/6 Goal, Pre-con-di-tion,
 []

File: unibs_logo.pdf Graphic file (type pdf)
<use unibs_logo.pdf>
Package pdftex.def Info: unibs_logo.pdf  used on input line 1761.
(pdftex.def)             Requested size: 34.23161pt x 15.40404pt.
[68

]
Underfull \hbox (badness 7925) in paragraph at lines 1811--1811
[]|\OT1/cmss/m/n/6 Goal, Pre-con-di-tion,
 []


Underfull \hbox (badness 7925) in paragraph at lines 1811--1811
[]|\OT1/cmss/m/n/6 Goal, Pre-con-di-tion,
 []

File: unibs_logo.pdf Graphic file (type pdf)
<use unibs_logo.pdf>
Package pdftex.def Info: unibs_logo.pdf  used on input line 1811.
(pdftex.def)             Requested size: 34.23161pt x 15.40404pt.
[69

]
File: unibs_logo.pdf Graphic file (type pdf)
<use unibs_logo.pdf>
Package pdftex.def Info: unibs_logo.pdf  used on input line 1839.
(pdftex.def)             Requested size: 34.23161pt x 15.40404pt.
 [70

]
File: unibs_logo.pdf Graphic file (type pdf)
<use unibs_logo.pdf>
Package pdftex.def Info: unibs_logo.pdf  used on input line 1868.
(pdftex.def)             Requested size: 34.23161pt x 15.40404pt.
 [71

]
File: unibs_logo.pdf Graphic file (type pdf)
<use unibs_logo.pdf>
Package pdftex.def Info: unibs_logo.pdf  used on input line 1897.
(pdftex.def)             Requested size: 34.23161pt x 15.40404pt.
 [72

]
<drawio/clerk.pdf, id=2029, 651.39355pt x 435.54718pt>
File: drawio/clerk.pdf Graphic file (type pdf)
<use drawio/clerk.pdf>
Package pdftex.def Info: drawio/clerk.pdf  used on input line 1905.
(pdftex.def)             Requested size: 308.06367pt x 205.9832pt.
File: unibs_logo.pdf Graphic file (type pdf)
<use unibs_logo.pdf>
Package pdftex.def Info: unibs_logo.pdf  used on input line 1905.
(pdftex.def)             Requested size: 34.23161pt x 15.40404pt.
 [73

 <./drawio/clerk.pdf>]
File: unibs_logo.pdf Graphic file (type pdf)
<use unibs_logo.pdf>
Package pdftex.def Info: unibs_logo.pdf  used on input line 1929.
(pdftex.def)             Requested size: 34.23161pt x 15.40404pt.
 [74

]
File: unibs_logo.pdf Graphic file (type pdf)
<use unibs_logo.pdf>
Package pdftex.def Info: unibs_logo.pdf  used on input line 1954.
(pdftex.def)             Requested size: 34.23161pt x 15.40404pt.
 [75

]
File: unibs_logo.pdf Graphic file (type pdf)
<use unibs_logo.pdf>
Package pdftex.def Info: unibs_logo.pdf  used on input line 2017.
(pdftex.def)             Requested size: 34.23161pt x 15.40404pt.
 [76

]
Underfull \hbox (badness 7925) in paragraph at lines 2063--2063
[]|\OT1/cmss/m/n/6 Goal, Pre-con-di-tion,
 []


Underfull \hbox (badness 7925) in paragraph at lines 2063--2063
[]|\OT1/cmss/m/n/6 Goal, Pre-con-di-tion,
 []

File: unibs_logo.pdf Graphic file (type pdf)
<use unibs_logo.pdf>
Package pdftex.def Info: unibs_logo.pdf  used on input line 2063.
(pdftex.def)             Requested size: 34.23161pt x 15.40404pt.
[77

]
Underfull \hbox (badness 7925) in paragraph at lines 2110--2110
[]|\OT1/cmss/m/n/6 Goal, Pre-con-di-tion,
 []


Underfull \hbox (badness 7925) in paragraph at lines 2110--2110
[]|\OT1/cmss/m/n/6 Goal, Pre-con-di-tion,
 []

File: unibs_logo.pdf Graphic file (type pdf)
<use unibs_logo.pdf>
Package pdftex.def Info: unibs_logo.pdf  used on input line 2110.
(pdftex.def)             Requested size: 34.23161pt x 15.40404pt.
[78

]
<drawio/is-admin.pdf, id=2199, 867.24pt x 435.54718pt>
File: drawio/is-admin.pdf Graphic file (type pdf)
<use drawio/is-admin.pdf>
Package pdftex.def Info: drawio/is-admin.pdf  used on input line 2118.
(pdftex.def)             Requested size: 239.60567pt x 120.33076pt.
File: unibs_logo.pdf Graphic file (type pdf)
<use unibs_logo.pdf>
Package pdftex.def Info: unibs_logo.pdf  used on input line 2118.
(pdftex.def)             Requested size: 34.23161pt x 15.40404pt.
 [79

 <./drawio/is-admin.pdf>]
Underfull \hbox (badness 7925) in paragraph at lines 2164--2164
[]|\OT1/cmss/m/n/6 Goal, Pre-con-di-tion,
 []


Underfull \hbox (badness 7925) in paragraph at lines 2164--2164
[]|\OT1/cmss/m/n/6 Goal, Pre-con-di-tion,
 []

File: unibs_logo.pdf Graphic file (type pdf)
<use unibs_logo.pdf>
Package pdftex.def Info: unibs_logo.pdf  used on input line 2164.
(pdftex.def)             Requested size: 34.23161pt x 15.40404pt.
[80

]
Underfull \hbox (badness 7925) in paragraph at lines 2213--2213
[]|\OT1/cmss/m/n/6 Goal, Pre-con-di-tion,
 []


Underfull \hbox (badness 7925) in paragraph at lines 2213--2213
[]|\OT1/cmss/m/n/6 Goal, Pre-con-di-tion,
 []

File: unibs_logo.pdf Graphic file (type pdf)
<use unibs_logo.pdf>
Package pdftex.def Info: unibs_logo.pdf  used on input line 2213.
(pdftex.def)             Requested size: 34.23161pt x 15.40404pt.
[81

]
Underfull \hbox (badness 7925) in paragraph at lines 2263--2263
[]|\OT1/cmss/m/n/6 Goal, Pre-con-di-tion,
 []


Underfull \hbox (badness 7925) in paragraph at lines 2263--2263
[]|\OT1/cmss/m/n/6 Goal, Pre-con-di-tion,
 []

File: unibs_logo.pdf Graphic file (type pdf)
<use unibs_logo.pdf>
Package pdftex.def Info: unibs_logo.pdf  used on input line 2263.
(pdftex.def)             Requested size: 34.23161pt x 15.40404pt.
[82

]
Underfull \hbox (badness 7925) in paragraph at lines 2310--2310
[]|\OT1/cmss/m/n/6 Goal, Pre-con-di-tion,
 []


Underfull \hbox (badness 7925) in paragraph at lines 2310--2310
[]|\OT1/cmss/m/n/6 Goal, Pre-con-di-tion,
 []

File: unibs_logo.pdf Graphic file (type pdf)
<use unibs_logo.pdf>
Package pdftex.def Info: unibs_logo.pdf  used on input line 2310.
(pdftex.def)             Requested size: 34.23161pt x 15.40404pt.
[83

]
File: unibs_logo.pdf Graphic file (type pdf)
<use unibs_logo.pdf>
Package pdftex.def Info: unibs_logo.pdf  used on input line 2329.
(pdftex.def)             Requested size: 34.23161pt x 15.40404pt.
 [84

]
<drawio/organizer.pdf, id=2368, 794.97pt x 435.54718pt>
File: drawio/organizer.pdf Graphic file (type pdf)
<use drawio/organizer.pdf>
Package pdftex.def Info: drawio/organizer.pdf  used on input line 2339.
(pdftex.def)             Requested size: 308.06367pt x 168.78607pt.
File: unibs_logo.pdf Graphic file (type pdf)
<use unibs_logo.pdf>
Package pdftex.def Info: unibs_logo.pdf  used on input line 2339.
(pdftex.def)             Requested size: 34.23161pt x 15.40404pt.
 [85

 <./drawio/organizer.pdf>]
File: unibs_logo.pdf Graphic file (type pdf)
<use unibs_logo.pdf>
Package pdftex.def Info: unibs_logo.pdf  used on input line 2363.
(pdftex.def)             Requested size: 34.23161pt x 15.40404pt.
 [86

]
File: unibs_logo.pdf Graphic file (type pdf)
<use unibs_logo.pdf>
Package pdftex.def Info: unibs_logo.pdf  used on input line 2388.
(pdftex.def)             Requested size: 34.23161pt x 15.40404pt.
 [87

]
File: unibs_logo.pdf Graphic file (type pdf)
<use unibs_logo.pdf>
Package pdftex.def Info: unibs_logo.pdf  used on input line 2414.
(pdftex.def)             Requested size: 34.23161pt x 15.40404pt.
 [88

]
File: unibs_logo.pdf Graphic file (type pdf)
<use unibs_logo.pdf>
Package pdftex.def Info: unibs_logo.pdf  used on input line 2438.
(pdftex.def)             Requested size: 34.23161pt x 15.40404pt.
 [89

]
File: unibs_logo.pdf Graphic file (type pdf)
<use unibs_logo.pdf>
Package pdftex.def Info: unibs_logo.pdf  used on input line 2462.
(pdftex.def)             Requested size: 34.23161pt x 15.40404pt.
 [90

]
File: unibs_logo.pdf Graphic file (type pdf)
<use unibs_logo.pdf>
Package pdftex.def Info: unibs_logo.pdf  used on input line 2512.
(pdftex.def)             Requested size: 34.23161pt x 15.40404pt.
 [91

]
File: unibs_logo.pdf Graphic file (type pdf)
<use unibs_logo.pdf>
Package pdftex.def Info: unibs_logo.pdf  used on input line 2534.
(pdftex.def)             Requested size: 34.23161pt x 15.40404pt.
 [92

]
File: unibs_logo.pdf Graphic file (type pdf)
<use unibs_logo.pdf>
Package pdftex.def Info: unibs_logo.pdf  used on input line 2556.
(pdftex.def)             Requested size: 34.23161pt x 15.40404pt.

[93

]
File: unibs_logo.pdf Graphic file (type pdf)
<use unibs_logo.pdf>
Package pdftex.def Info: unibs_logo.pdf  used on input line 2581.
(pdftex.def)             Requested size: 34.23161pt x 15.40404pt.
 [94

]
File: unibs_logo.pdf Graphic file (type pdf)
<use unibs_logo.pdf>
Package pdftex.def Info: unibs_logo.pdf  used on input line 2601.
(pdftex.def)             Requested size: 34.23161pt x 15.40404pt.
 [95

]
<drawio/pilot.pdf, id=2670, 722.7pt x 507.81718pt>
File: drawio/pilot.pdf Graphic file (type pdf)
<use drawio/pilot.pdf>
Package pdftex.def Info: drawio/pilot.pdf  used on input line 2612.
(pdftex.def)             Requested size: 308.06367pt x 216.46645pt.
File: unibs_logo.pdf Graphic file (type pdf)
<use unibs_logo.pdf>
Package pdftex.def Info: unibs_logo.pdf  used on input line 2612.
(pdftex.def)             Requested size: 34.23161pt x 15.40404pt.
 [96

 <./drawio/pilot.pdf>]
File: unibs_logo.pdf Graphic file (type pdf)
<use unibs_logo.pdf>
Package pdftex.def Info: unibs_logo.pdf  used on input line 2635.
(pdftex.def)             Requested size: 34.23161pt x 15.40404pt.
 [97

]
File: unibs_logo.pdf Graphic file (type pdf)
<use unibs_logo.pdf>
Package pdftex.def Info: unibs_logo.pdf  used on input line 2656.
(pdftex.def)             Requested size: 34.23161pt x 15.40404pt.
 [98

]
File: unibs_logo.pdf Graphic file (type pdf)
<use unibs_logo.pdf>
Package pdftex.def Info: unibs_logo.pdf  used on input line 2684.
(pdftex.def)             Requested size: 34.23161pt x 15.40404pt.
 [99

]
File: unibs_logo.pdf Graphic file (type pdf)
<use unibs_logo.pdf>
Package pdftex.def Info: unibs_logo.pdf  used on input line 2706.
(pdftex.def)             Requested size: 34.23161pt x 15.40404pt.
 [100

]
File: unibs_logo.pdf Graphic file (type pdf)
<use unibs_logo.pdf>
Package pdftex.def Info: unibs_logo.pdf  used on input line 2729.
(pdftex.def)             Requested size: 34.23161pt x 15.40404pt.
 [101

]
File: unibs_logo.pdf Graphic file (type pdf)
<use unibs_logo.pdf>
Package pdftex.def Info: unibs_logo.pdf  used on input line 2752.
(pdftex.def)             Requested size: 34.23161pt x 15.40404pt.
 [102

]
Underfull \hbox (badness 10000) in paragraph at lines 2790--2790
[]|\OT1/cmss/m/n/6 Goal, pre-con-di-tion,
 []

File: unibs_logo.pdf Graphic file (type pdf)
<use unibs_logo.pdf>
Package pdftex.def Info: unibs_logo.pdf  used on input line 2790.
(pdftex.def)             Requested size: 34.23161pt x 15.40404pt.
[103

]
File: unibs_logo.pdf Graphic file (type pdf)
<use unibs_logo.pdf>
Package pdftex.def Info: unibs_logo.pdf  used on input line 2813.
(pdftex.def)             Requested size: 34.23161pt x 15.40404pt.
 [104

]
File: unibs_logo.pdf Graphic file (type pdf)
<use unibs_logo.pdf>
Package pdftex.def Info: unibs_logo.pdf  used on input line 2835.
(pdftex.def)             Requested size: 34.23161pt x 15.40404pt.
 [105

]
File: unibs_logo.pdf Graphic file (type pdf)
<use unibs_logo.pdf>
Package pdftex.def Info: unibs_logo.pdf  used on input line 2858.
(pdftex.def)             Requested size: 34.23161pt x 15.40404pt.
 [106

]
File: unibs_logo.pdf Graphic file (type pdf)
<use unibs_logo.pdf>
Package pdftex.def Info: unibs_logo.pdf  used on input line 2882.
(pdftex.def)             Requested size: 34.23161pt x 15.40404pt.
 [107

]
File: unibs_logo.pdf Graphic file (type pdf)
<use unibs_logo.pdf>
Package pdftex.def Info: unibs_logo.pdf  used on input line 2906.
(pdftex.def)             Requested size: 34.23161pt x 15.40404pt.
 [108

]
File: unibs_logo.pdf Graphic file (type pdf)
<use unibs_logo.pdf>
Package pdftex.def Info: unibs_logo.pdf  used on input line 2932.
(pdftex.def)             Requested size: 34.23161pt x 15.40404pt.
 [109

]
<drawio/visitor.pdf, id=3051, 145.50359pt x 182.6022pt>
File: drawio/visitor.pdf Graphic file (type pdf)
<use drawio/visitor.pdf>
Package pdftex.def Info: drawio/visitor.pdf  used on input line 2940.
(pdftex.def)             Requested size: 102.68962pt x 128.87387pt.
File: unibs_logo.pdf Graphic file (type pdf)
<use unibs_logo.pdf>
Package pdftex.def Info: unibs_logo.pdf  used on input line 2940.
(pdftex.def)             Requested size: 34.23161pt x 15.40404pt.
 [110

 <./drawio/visitor.pdf>]
File: unibs_logo.pdf Graphic file (type pdf)
<use unibs_logo.pdf>
Package pdftex.def Info: unibs_logo.pdf  used on input line 3048.
(pdftex.def)             Requested size: 34.23161pt x 15.40404pt.
 [111

]
File: unibs_logo.pdf Graphic file (type pdf)
<use unibs_logo.pdf>
Package pdftex.def Info: unibs_logo.pdf  used on input line 3073.
(pdftex.def)             Requested size: 34.23161pt x 15.40404pt.

[112

]
File: unibs_logo.pdf Graphic file (type pdf)
<use unibs_logo.pdf>
Package pdftex.def Info: unibs_logo.pdf  used on input line 3107.
(pdftex.def)             Requested size: 34.23161pt x 15.40404pt.
 [113

]
File: unibs_logo.pdf Graphic file (type pdf)
<use unibs_logo.pdf>
Package pdftex.def Info: unibs_logo.pdf  used on input line 3151.
(pdftex.def)             Requested size: 34.23161pt x 15.40404pt.
 [114

]
File: unibs_logo.pdf Graphic file (type pdf)
<use unibs_logo.pdf>
Package pdftex.def Info: unibs_logo.pdf  used on input line 3183.
(pdftex.def)             Requested size: 34.23161pt x 15.40404pt.
 [115

]
File: unibs_logo.pdf Graphic file (type pdf)
<use unibs_logo.pdf>
Package pdftex.def Info: unibs_logo.pdf  used on input line 3217.
(pdftex.def)             Requested size: 34.23161pt x 15.40404pt.
 [116

]
File: unibs_logo.pdf Graphic file (type pdf)
<use unibs_logo.pdf>
Package pdftex.def Info: unibs_logo.pdf  used on input line 3249.
(pdftex.def)             Requested size: 34.23161pt x 15.40404pt.
 [117

]
File: unibs_logo.pdf Graphic file (type pdf)
<use unibs_logo.pdf>
Package pdftex.def Info: unibs_logo.pdf  used on input line 3283.
(pdftex.def)             Requested size: 34.23161pt x 15.40404pt.
 [118

]
File: unibs_logo.pdf Graphic file (type pdf)
<use unibs_logo.pdf>
Package pdftex.def Info: unibs_logo.pdf  used on input line 3323.
(pdftex.def)             Requested size: 34.23161pt x 15.40404pt.
 [119

]
File: unibs_logo.pdf Graphic file (type pdf)
<use unibs_logo.pdf>
Package pdftex.def Info: unibs_logo.pdf  used on input line 3345.
(pdftex.def)             Requested size: 34.23161pt x 15.40404pt.
 [120

]
File: unibs_logo.pdf Graphic file (type pdf)
<use unibs_logo.pdf>
Package pdftex.def Info: unibs_logo.pdf  used on input line 3392.
(pdftex.def)             Requested size: 34.23161pt x 15.40404pt.
 [121

]
File: unibs_logo.pdf Graphic file (type pdf)
<use unibs_logo.pdf>
Package pdftex.def Info: unibs_logo.pdf  used on input line 3429.
(pdftex.def)             Requested size: 34.23161pt x 15.40404pt.
 [122

]
File: unibs_logo.pdf Graphic file (type pdf)
<use unibs_logo.pdf>
Package pdftex.def Info: unibs_logo.pdf  used on input line 3467.
(pdftex.def)             Requested size: 34.23161pt x 15.40404pt.
 [123

]
File: unibs_logo.pdf Graphic file (type pdf)
<use unibs_logo.pdf>
Package pdftex.def Info: unibs_logo.pdf  used on input line 3507.
(pdftex.def)             Requested size: 34.23161pt x 15.40404pt.

[124

]
File: unibs_logo.pdf Graphic file (type pdf)
<use unibs_logo.pdf>
Package pdftex.def Info: unibs_logo.pdf  used on input line 3533.
(pdftex.def)             Requested size: 34.23161pt x 15.40404pt.
 [125

]
File: unibs_logo.pdf Graphic file (type pdf)
<use unibs_logo.pdf>
Package pdftex.def Info: unibs_logo.pdf  used on input line 3565.
(pdftex.def)             Requested size: 34.23161pt x 15.40404pt.
 [126

]
File: unibs_logo.pdf Graphic file (type pdf)
<use unibs_logo.pdf>
Package pdftex.def Info: unibs_logo.pdf  used on input line 3597.
(pdftex.def)             Requested size: 34.23161pt x 15.40404pt.
 [127

]
File: unibs_logo.pdf Graphic file (type pdf)
<use unibs_logo.pdf>
Package pdftex.def Info: unibs_logo.pdf  used on input line 3629.
(pdftex.def)             Requested size: 34.23161pt x 15.40404pt.
 [128

]
File: unibs_logo.pdf Graphic file (type pdf)
<use unibs_logo.pdf>
Package pdftex.def Info: unibs_logo.pdf  used on input line 3662.
(pdftex.def)             Requested size: 34.23161pt x 15.40404pt.
 [129

]
File: unibs_logo.pdf Graphic file (type pdf)
<use unibs_logo.pdf>
Package pdftex.def Info: unibs_logo.pdf  used on input line 3704.
(pdftex.def)             Requested size: 34.23161pt x 15.40404pt.
 [130

]
File: unibs_logo.pdf Graphic file (type pdf)
<use unibs_logo.pdf>
Package pdftex.def Info: unibs_logo.pdf  used on input line 3734.
(pdftex.def)             Requested size: 34.23161pt x 15.40404pt.
 [131

]
File: unibs_logo.pdf Graphic file (type pdf)
<use unibs_logo.pdf>
Package pdftex.def Info: unibs_logo.pdf  used on input line 3763.
(pdftex.def)             Requested size: 34.23161pt x 15.40404pt.
 [132

]
File: unibs_logo.pdf Graphic file (type pdf)
<use unibs_logo.pdf>
Package pdftex.def Info: unibs_logo.pdf  used on input line 3793.
(pdftex.def)             Requested size: 34.23161pt x 15.40404pt.
 [133

]
File: unibs_logo.pdf Graphic file (type pdf)
<use unibs_logo.pdf>
Package pdftex.def Info: unibs_logo.pdf  used on input line 3823.
(pdftex.def)             Requested size: 34.23161pt x 15.40404pt.
 [134

]
File: unibs_logo.pdf Graphic file (type pdf)
<use unibs_logo.pdf>
Package pdftex.def Info: unibs_logo.pdf  used on input line 3872.
(pdftex.def)             Requested size: 34.23161pt x 15.40404pt.
 [135

]
Underfull \hbox (badness 1968) in paragraph at lines 3909--3909
[]|\OT1/cmss/m/n/6 ReviewScoreRange[]KartingCenter (1:N): the kart-ing cen-ters

 []

File: unibs_logo.pdf Graphic file (type pdf)
<use unibs_logo.pdf>
Package pdftex.def Info: unibs_logo.pdf  used on input line 3909.
(pdftex.def)             Requested size: 34.23161pt x 15.40404pt.
[136

]
File: unibs_logo.pdf Graphic file (type pdf)
<use unibs_logo.pdf>
Package pdftex.def Info: unibs_logo.pdf  used on input line 3943.
(pdftex.def)             Requested size: 34.23161pt x 15.40404pt.
 [137

]
File: unibs_logo.pdf Graphic file (type pdf)
<use unibs_logo.pdf>
Package pdftex.def Info: unibs_logo.pdf  used on input line 3978.
(pdftex.def)             Requested size: 34.23161pt x 15.40404pt.
 [138

]
File: unibs_logo.pdf Graphic file (type pdf)
<use unibs_logo.pdf>
Package pdftex.def Info: unibs_logo.pdf  used on input line 4012.
(pdftex.def)             Requested size: 34.23161pt x 15.40404pt.
 [139

]
File: unibs_logo.pdf Graphic file (type pdf)
<use unibs_logo.pdf>
Package pdftex.def Info: unibs_logo.pdf  used on input line 4044.
(pdftex.def)             Requested size: 34.23161pt x 15.40404pt.
 [140

]
File: unibs_logo.pdf Graphic file (type pdf)
<use unibs_logo.pdf>
Package pdftex.def Info: unibs_logo.pdf  used on input line 4076.
(pdftex.def)             Requested size: 34.23161pt x 15.40404pt.
 [141

]
File: unibs_logo.pdf Graphic file (type pdf)
<use unibs_logo.pdf>
Package pdftex.def Info: unibs_logo.pdf  used on input line 4108.
(pdftex.def)             Requested size: 34.23161pt x 15.40404pt.
 [142

]
File: unibs_logo.pdf Graphic file (type pdf)
<use unibs_logo.pdf>
Package pdftex.def Info: unibs_logo.pdf  used on input line 4142.
(pdftex.def)             Requested size: 34.23161pt x 15.40404pt.
 [143

]
File: unibs_logo.pdf Graphic file (type pdf)
<use unibs_logo.pdf>
Package pdftex.def Info: unibs_logo.pdf  used on input line 4175.
(pdftex.def)             Requested size: 34.23161pt x 15.40404pt.
 [144

]
File: unibs_logo.pdf Graphic file (type pdf)
<use unibs_logo.pdf>
Package pdftex.def Info: unibs_logo.pdf  used on input line 4207.
(pdftex.def)             Requested size: 34.23161pt x 15.40404pt.
 [145

]
File: unibs_logo.pdf Graphic file (type pdf)
<use unibs_logo.pdf>
Package pdftex.def Info: unibs_logo.pdf  used on input line 4239.
(pdftex.def)             Requested size: 34.23161pt x 15.40404pt.
 [146

]
File: unibs_logo.pdf Graphic file (type pdf)
<use unibs_logo.pdf>
Package pdftex.def Info: unibs_logo.pdf  used on input line 4271.
(pdftex.def)             Requested size: 34.23161pt x 15.40404pt.
 [147

]
File: unibs_logo.pdf Graphic file (type pdf)
<use unibs_logo.pdf>
Package pdftex.def Info: unibs_logo.pdf  used on input line 4305.
(pdftex.def)             Requested size: 34.23161pt x 15.40404pt.

[148

]
File: unibs_logo.pdf Graphic file (type pdf)
<use unibs_logo.pdf>
Package pdftex.def Info: unibs_logo.pdf  used on input line 4339.
(pdftex.def)             Requested size: 34.23161pt x 15.40404pt.
 [149

]
\tf@nav=\write6
\openout6 = `karting-report.nav'.

\tf@toc=\write7
\openout7 = `karting-report.toc'.

\tf@snm=\write8
\openout8 = `karting-report.snm'.

 (./karting-report.aux)
Package rerunfilecheck Info: File `karting-report.out' has not changed.
(rerunfilecheck)             Checksum: 7F9FB0AC4872C05541111E4702ED62D4;1117.
 ) 
Here is how much of TeX's memory you used:
 24593 strings out of 480247
 465429 string characters out of 5896151
 737708 words of memory out of 5000000
 41752 multiletter control sequences out of 15000+600000
 474268 words of font info for 46 fonts, out of 8000000 for 9000
 14 hyphenation exceptions out of 8191
 99i,15n,104p,421b,562s stack positions out of 5000i,500n,10000p,200000b,80000s
</usr/share/texlive/texmf-dist/fonts/type1/public/amsfonts/cm/cmss10.pfb></us
r/share/texlive/texmf-dist/fonts/type1/public/amsfonts/cm/cmss12.pfb></usr/shar
e/texlive/texmf-dist/fonts/type1/public/amsfonts/cm/cmss8.pfb></usr/share/texli
ve/texmf-dist/fonts/type1/public/amsfonts/cm/cmssbx10.pfb></usr/share/texlive/t
exmf-dist/fonts/type1/public/amsfonts/cm/cmssi8.pfb>
Output written on karting-report.pdf (149 pages, 980519 bytes).
PDF statistics:
 4211 PDF objects out of 4296 (max. 8388607)
 3966 compressed objects within 40 object streams
 315 named destinations out of 1000 (max. 500000)
 220 words of extra memory for PDF output out of 10000 (max. 10000000)

